  C3_Exercise_15_LCaster_Task4.cpp
C:\Users\alejo\Documents\Visual Studio 2022\OpenGL\OpenGL_Stuff\include\learnopengl\shader.h(55,40): warning C4101: 'e': unreferenced local variable
  (compiling source file 'C3_Exercise_15_LCaster_Task4.cpp')
  
C:\Users\alejo\Documents\Visual Studio 2022\OpenGL\OpenGL_Stuff\include\learnopengl\mesh.h(84,50): warning C4267: 'argument': conversion from 'size_t' to 'GLsizei', possible loss of data
  (compiling source file 'C3_Exercise_15_LCaster_Task4.cpp')
  
C:\Users\alejo\Documents\Visual Studio 2022\OpenGL\OpenGL\C3_Exercise_15_LCaster_Task4.cpp(285,25): warning C4244: 'initializing': conversion from 'double' to 'float', possible loss of data
C:\Users\alejo\Documents\Visual Studio 2022\OpenGL\OpenGL\C3_Exercise_15_LCaster_Task4.cpp(327,56): warning C4305: 'argument': truncation from 'double' to 'float'
C:\Users\alejo\Documents\Visual Studio 2022\OpenGL\OpenGL\C3_Exercise_15_LCaster_Task4.cpp(328,59): warning C4305: 'argument': truncation from 'double' to 'float'
C:\Users\alejo\Documents\Visual Studio 2022\OpenGL\OpenGL\C3_Exercise_15_LCaster_Task4.cpp(338,50): warning C4305: 'argument': truncation from 'double' to 'float'
C:\Users\alejo\Documents\Visual Studio 2022\OpenGL\OpenGL\C3_Exercise_15_LCaster_Task4.cpp(339,53): warning C4305: 'argument': truncation from 'double' to 'float'
C:\Users\alejo\Documents\Visual Studio 2022\OpenGL\OpenGL\C3_Exercise_15_LCaster_Task4.cpp(514,17): warning C4244: '=': conversion from 'double' to 'float', possible loss of data
C:\Users\alejo\Documents\Visual Studio 2022\OpenGL\OpenGL\C3_Exercise_15_LCaster_Task4.cpp(515,17): warning C4244: '=': conversion from 'double' to 'float', possible loss of data
C:\Users\alejo\Documents\Visual Studio 2022\OpenGL\OpenGL\C3_Exercise_15_LCaster_Task4.cpp(519,19): warning C4244: 'initializing': conversion from 'double' to 'float', possible loss of data
C:\Users\alejo\Documents\Visual Studio 2022\OpenGL\OpenGL\C3_Exercise_15_LCaster_Task4.cpp(520,19): warning C4244: 'initializing': conversion from 'double' to 'float', possible loss of data
C:\Users\alejo\Documents\Visual Studio 2022\OpenGL\OpenGL\C3_Exercise_15_LCaster_Task4.cpp(522,13): warning C4244: '=': conversion from 'double' to 'float', possible loss of data
C:\Users\alejo\Documents\Visual Studio 2022\OpenGL\OpenGL\C3_Exercise_15_LCaster_Task4.cpp(523,13): warning C4244: '=': conversion from 'double' to 'float', possible loss of data
C:\Users\alejo\Documents\Visual Studio 2022\OpenGL\OpenGL\C3_Exercise_15_LCaster_Task4.cpp(532,31): warning C4244: 'argument': conversion from 'double' to 'float', possible loss of data
glfw3.lib(init.obj) : warning LNK4099: PDB '' was not found with 'glfw3.lib(init.obj)' or at ''; linking object as if no debug info
glfw3.lib(window.obj) : warning LNK4099: PDB '' was not found with 'glfw3.lib(window.obj)' or at ''; linking object as if no debug info
glfw3.lib(input.obj) : warning LNK4099: PDB '' was not found with 'glfw3.lib(input.obj)' or at ''; linking object as if no debug info
glfw3.lib(context.obj) : warning LNK4099: PDB '' was not found with 'glfw3.lib(context.obj)' or at ''; linking object as if no debug info
glfw3.lib(win32_init.obj) : warning LNK4099: PDB '' was not found with 'glfw3.lib(win32_init.obj)' or at ''; linking object as if no debug info
glfw3.lib(win32_monitor.obj) : warning LNK4099: PDB '' was not found with 'glfw3.lib(win32_monitor.obj)' or at ''; linking object as if no debug info
glfw3.lib(win32_time.obj) : warning LNK4099: PDB '' was not found with 'glfw3.lib(win32_time.obj)' or at ''; linking object as if no debug info
glfw3.lib(win32_thread.obj) : warning LNK4099: PDB '' was not found with 'glfw3.lib(win32_thread.obj)' or at ''; linking object as if no debug info
glfw3.lib(monitor.obj) : warning LNK4099: PDB '' was not found with 'glfw3.lib(monitor.obj)' or at ''; linking object as if no debug info
glfw3.lib(vulkan.obj) : warning LNK4099: PDB '' was not found with 'glfw3.lib(vulkan.obj)' or at ''; linking object as if no debug info
glfw3.lib(win32_window.obj) : warning LNK4099: PDB '' was not found with 'glfw3.lib(win32_window.obj)' or at ''; linking object as if no debug info
glfw3.lib(win32_joystick.obj) : warning LNK4099: PDB '' was not found with 'glfw3.lib(win32_joystick.obj)' or at ''; linking object as if no debug info
glfw3.lib(wgl_context.obj) : warning LNK4099: PDB '' was not found with 'glfw3.lib(wgl_context.obj)' or at ''; linking object as if no debug info
glfw3.lib(egl_context.obj) : warning LNK4099: PDB '' was not found with 'glfw3.lib(egl_context.obj)' or at ''; linking object as if no debug info
glfw3.lib(osmesa_context.obj) : warning LNK4099: PDB '' was not found with 'glfw3.lib(osmesa_context.obj)' or at ''; linking object as if no debug info
  OpenGL.vcxproj -> C:\Users\alejo\Documents\Visual Studio 2022\OpenGL\x64\Debug\OpenGL.exe
